<?xml version="1.0" encoding="UTF-8"?>
<testExecutions version="1">
  <file path="C:\Users\HP\Documents\universidad\semestre7\validacion\CrudEstudiantes\pruebas\pruebas.test.js">
    <testCase name="POST endpoint /estudiantes POST /estudiantes should create a new student" duration="106"/>
    <testCase name="GET endpoint /estudiantes GET /estudiantes/:id should return a student" duration="19"/>
    <testCase name="GET endpoint /estudiantes GET /estudiantes should return all students" duration="27"/>
    <testCase name="PUT endpoint /estudiantes Obtiene un id para modificar un estudiante" duration="18"/>
  </file>
</testExecutions>