<?xml version="1.0" encoding="UTF-8"?>
<testExecutions version="1">
  <file path="C:\Users\HOME\Documents\CrudEstudiantes\pruebas\pruebas.test.js">
    <testCase name="API endpoint /estudiantes POST /estudiantes should create a new student" duration="7"/>
    <testCase name="API endpoint /estudiantes GET /estudiantes/:id should return a student" duration="1"/>
    <testCase name="API endpoint /estudiantes GET /estudiantes should return all students" duration="3"/>
    <testCase name="API endpoint /estudiantes PUT /estudiantes/:id should update a student" duration="3"/>
    <testCase name="API endpoint /estudiantes DELETE /estudiantes/:id should delete a student" duration="2"/>
  </file>
</testExecutions>